[0mCompiling "app.js" from ["src"]...
notifying browser that file changed:  out/goog/deps.js
notifying browser that file changed:  out/cljs_deps.js
notifying browser that file changed:  out/test/core.js
[32mSuccessfully compiled "app.js" in 0.824 seconds.[0m
[0mCompiling "app.js" from ["src"]...
notifying browser that file changed:  out/test/core.js
[32mSuccessfully compiled "app.js" in 0.103 seconds.[0m
[0mCompiling "app.js" from ["src"]...
notifying browser that file changed:  out/test/core.js
[32mSuccessfully compiled "app.js" in 0.128 seconds.[0m
[0mCompiling "app.js" from ["src"]...
notifying browser that file changed:  out/test/core.js
[32mSuccessfully compiled "app.js" in 0.1 seconds.[0m
[0mCompiling "app.js" from ["src"]...
notifying browser that file changed:  out/test/core.js
[32mSuccessfully compiled "app.js" in 0.114 seconds.[0m
[0mCompiling "app.js" from ["src"]...
notifying browser that file changed:  out/test/core.js
[32mSuccessfully compiled "app.js" in 0.108 seconds.[0m
[0mCompiling "app.js" from ["src"]...
notifying browser that file changed:  out/test/core.js
[32mSuccessfully compiled "app.js" in 0.1 seconds.[0m
[0mCompiling "app.js" from ["src"]...
notifying browser that file changed:  out/test/core.js
[32mSuccessfully compiled "app.js" in 0.104 seconds.[0m
[0mCompiling "app.js" from ["src"]...
notifying browser that file changed:  out/test/core.js
[32mSuccessfully compiled "app.js" in 0.097 seconds.[0m
[0mCompiling "app.js" from ["src"]...
notifying browser that file changed:  out/test/core.js
[32mSuccessfully compiled "app.js" in 0.102 seconds.[0m
[0mCompiling "app.js" from ["src"]...
notifying browser that file changed:  out/test/core.js
[32mSuccessfully compiled "app.js" in 0.102 seconds.[0m
[0mCompiling "app.js" from ["src"]...
notifying browser that file changed:  out/test/core.js
[32mSuccessfully compiled "app.js" in 0.106 seconds.[0m
[0mCompiling "app.js" from ["src"]...
notifying browser that file changed:  out/test/core.js
[32mSuccessfully compiled "app.js" in 0.1 seconds.[0m
[0mCompiling "app.js" from ["src"]...
notifying browser that file changed:  out/test/core.js
[32mSuccessfully compiled "app.js" in 0.095 seconds.[0m
[0mCompiling "app.js" from ["src"]...
notifying browser that file changed:  out/test/core.js
[32mSuccessfully compiled "app.js" in 0.093 seconds.[0m
[0mCompiling "app.js" from ["src"]...
notifying browser that file changed:  out/test/core.js
[32mSuccessfully compiled "app.js" in 0.102 seconds.[0m
[0mCompiling "app.js" from ["src"]...
notifying browser that file changed:  out/test/core.js
[32mSuccessfully compiled "app.js" in 0.098 seconds.[0m
[0mCompiling "app.js" from ["src"]...
WARNING: Use of undeclared Var test.core/fetch at line 14 src/app.cljs
notifying browser that file changed:  out/test/core.js
[32mSuccessfully compiled "app.js" in 0.116 seconds.[0m
[0mCompiling "app.js" from ["src"]...
WARNING: Use of undeclared Var test.core/function at line 9 src/app.cljs
WARNING: Use of undeclared Var test.core/data at line 9 src/app.cljs
WARNING: Use of undeclared Var test.core/$ at line 10 src/app.cljs
WARNING: Use of undeclared Var test.core/alert at line 11 src/app.cljs
WARNING: Use of undeclared Var test.core/data at line 10 src/app.cljs
WARNING: Use of undeclared Var test.core/fetch at line 20 src/app.cljs
notifying browser that file changed:  out/test/core.js
[32mSuccessfully compiled "app.js" in 0.183 seconds.[0m
[0mCompiling "app.js" from ["src"]...
[31mCompiling "app.js" failed.
[0mANALYSIS ERROR: No such namespace: cljs-http.client, could not locate cljs_http/client.cljs, cljs_http/client.cljc, or Closure namespace "cljs-http.client" on file null, line null, column null
[32mSuccessfully compiled "app.js" in 0.063 seconds.[0m
[0mCompiling "app.js" from ["src"]...
WARNING: Use of undeclared Var test.core/fetch at line 22 src/app.cljs
notifying browser that file changed:  out/goog/deps.js
notifying browser that file changed:  out/cljs_deps.js
notifying browser that file changed:  out/test/core.js
[32mSuccessfully compiled "app.js" in 0.277 seconds.[0m
[0mCompiling "app.js" from ["src"]...
WARNING: Use of undeclared Var test.core/fetch at line 24 src/app.cljs
notifying browser that file changed:  out/test/core.js
[32mSuccessfully compiled "app.js" in 0.18 seconds.[0m
[0mCompiling "app.js" from ["src"]...
WARNING: Use of undeclared Var test.core/fetch at line 24 src/app.cljs
notifying browser that file changed:  out/test/core.js
[32mSuccessfully compiled "app.js" in 0.183 seconds.[0m
[0mCompiling "app.js" from ["src"]...
notifying browser that file changed:  out/test/core.js
[32mSuccessfully compiled "app.js" in 0.145 seconds.[0m
[0mCompiling "app.js" from ["src"]...
notifying browser that file changed:  out/test/core.js
[32mSuccessfully compiled "app.js" in 0.153 seconds.[0m
[0mCompiling "app.js" from ["src"]...
notifying browser that file changed:  out/test/core.js
[32mSuccessfully compiled "app.js" in 0.144 seconds.[0m
[0mCompiling "app.js" from ["src"]...
notifying browser that file changed:  out/test/core.js
[32mSuccessfully compiled "app.js" in 0.157 seconds.[0m
[0mCompiling "app.js" from ["src"]...
notifying browser that file changed:  out/test/core.js
[32mSuccessfully compiled "app.js" in 0.167 seconds.[0m
[0mCompiling "app.js" from ["src"]...
notifying browser that file changed:  out/test/core.js
[32mSuccessfully compiled "app.js" in 0.146 seconds.[0m
[0mCompiling "app.js" from ["src"]...
notifying browser that file changed:  out/test/core.js
[32mSuccessfully compiled "app.js" in 0.143 seconds.[0m
[0mCompiling "app.js" from ["src"]...
notifying browser that file changed:  out/test/core.js
[32mSuccessfully compiled "app.js" in 0.133 seconds.[0m
[0mCompiling "app.js" from ["src"]...
[31mCompiling "app.js" failed.
[0mERROR: Unmatched delimiter } on file /Users/tk2s8/Documents/Projects/clojure/om/src/app.cljs, line 12, column 67
[32mSuccessfully compiled "app.js" in 0.075 seconds.[0m
[0mCompiling "app.js" from ["src"]...
notifying browser that file changed:  out/test/core.js
[32mSuccessfully compiled "app.js" in 0.09 seconds.[0m
[0mCompiling "app.js" from ["src"]...
notifying browser that file changed:  out/test/core.js
[32mSuccessfully compiled "app.js" in 0.133 seconds.[0m
[0mCompiling "app.js" from ["src"]...
notifying browser that file changed:  out/test/core.js
[32mSuccessfully compiled "app.js" in 0.137 seconds.[0m
[0mCompiling "app.js" from ["src"]...
notifying browser that file changed:  out/test/core.js
[32mSuccessfully compiled "app.js" in 0.132 seconds.[0m
[0mCompiling "app.js" from ["src"]...
WARNING: Use of undeclared Var test.core/app-state at line 21 src/app.cljs
notifying browser that file changed:  out/test/core.js
[32mSuccessfully compiled "app.js" in 0.145 seconds.[0m
[0mCompiling "app.js" from ["src"]...
WARNING: Use of undeclared Var test.core/app-state at line 21 src/app.cljs
notifying browser that file changed:  out/test/core.js
[32mSuccessfully compiled "app.js" in 0.161 seconds.[0m
[0mCompiling "app.js" from ["src"]...
notifying browser that file changed:  out/test/core.js
[32mSuccessfully compiled "app.js" in 0.135 seconds.[0m
[0mCompiling "app.js" from ["src"]...
notifying browser that file changed:  out/test/core.js
[32mSuccessfully compiled "app.js" in 0.129 seconds.[0m
[0mCompiling "app.js" from ["src"]...
notifying browser that file changed:  out/test/core.js
[32mSuccessfully compiled "app.js" in 0.131 seconds.[0m
[0mCompiling "app.js" from ["src"]...
notifying browser that file changed:  out/test/core.js
[32mSuccessfully compiled "app.js" in 0.14 seconds.[0m
[0mCompiling "app.js" from ["src"]...
notifying browser that file changed:  out/test/core.js
[32mSuccessfully compiled "app.js" in 0.138 seconds.[0m
[0mCompiling "app.js" from ["src"]...
notifying browser that file changed:  out/test/core.js
[32mSuccessfully compiled "app.js" in 0.168 seconds.[0m
[0mCompiling "app.js" from ["src"]...
notifying browser that file changed:  out/test/core.js
[32mSuccessfully compiled "app.js" in 0.137 seconds.[0m
[0mCompiling "app.js" from ["src"]...
[31mCompiling "app.js" failed.
[0mERROR: EOF while reading, starting at line 11 and column 1 on file /Users/tk2s8/Documents/Projects/clojure/om/src/app.cljs, line 48, column 1
[32mSuccessfully compiled "app.js" in 0.068 seconds.[0m
[0mCompiling "app.js" from ["src"]...
notifying browser that file changed:  out/test/core.js
[32mSuccessfully compiled "app.js" in 0.133 seconds.[0m
[0mCompiling "app.js" from ["src"]...
notifying browser that file changed:  out/test/core.js
[32mSuccessfully compiled "app.js" in 0.134 seconds.[0m
[0mCompiling "app.js" from ["src"]...
notifying browser that file changed:  out/test/core.js
[32mSuccessfully compiled "app.js" in 0.155 seconds.[0m
[0mCompiling "app.js" from ["src"]...
notifying browser that file changed:  out/test/core.js
[32mSuccessfully compiled "app.js" in 0.12 seconds.[0m
[0mCompiling "app.js" from ["src"]...
notifying browser that file changed:  out/test/core.js
[32mSuccessfully compiled "app.js" in 0.167 seconds.[0m
[0mCompiling "app.js" from ["src"]...
[31mCompiling "app.js" failed.
[0mERROR: EOF while reading, starting at line 22 and column 1 on file /Users/tk2s8/Documents/Projects/clojure/om/src/app.cljs, line 47, column 1
[32mSuccessfully compiled "app.js" in 0.082 seconds.[0m
[0mCompiling "app.js" from ["src"]...
notifying browser that file changed:  out/test/core.js
[32mSuccessfully compiled "app.js" in 0.124 seconds.[0m
[0mCompiling "app.js" from ["src"]...
notifying browser that file changed:  out/test/core.js
[32mSuccessfully compiled "app.js" in 0.123 seconds.[0m
[0mCompiling "app.js" from ["src"]...
notifying browser that file changed:  out/test/core.js
[32mSuccessfully compiled "app.js" in 0.128 seconds.[0m
[0mCompiling "app.js" from ["src"]...
notifying browser that file changed:  out/test/core.js
[32mSuccessfully compiled "app.js" in 0.123 seconds.[0m
[0mCompiling "app.js" from ["src"]...
notifying browser that file changed:  out/test/core.js
[32mSuccessfully compiled "app.js" in 0.132 seconds.[0m
[0mCompiling "app.js" from ["src"]...
WARNING: Use of undeclared Var test.core/<!! at line 26 src/app.cljs
notifying browser that file changed:  out/test/core.js
[32mSuccessfully compiled "app.js" in 0.142 seconds.[0m
[0mCompiling "app.js" from ["src"]...
[31mCompiling "app.js" failed.
[0mANALYSIS ERROR: Referred var cljs.core.async/<!! does not exist on file null, line null, column null
[32mSuccessfully compiled "app.js" in 0.084 seconds.[0m
[0mCompiling "app.js" from ["src"]...
[31mCompiling "app.js" failed.
[0mANALYSIS ERROR: Referred var cljs.core.async/<!! does not exist on file null, line null, column null
[32mSuccessfully compiled "app.js" in 0.097 seconds.[0m
[0mCompiling "app.js" from ["src"]...
notifying browser that file changed:  out/test/core.js
[32mSuccessfully compiled "app.js" in 0.166 seconds.[0m
[0mCompiling "app.js" from ["src"]...
[31mCompiling "app.js" failed.
[0mERROR: EOF while reading, starting at line 34 and column 1 on file /Users/tk2s8/Documents/Projects/clojure/om/src/app.cljs, line 50, column 1
[32mSuccessfully compiled "app.js" in 0.095 seconds.[0m
[0mCompiling "app.js" from ["src"]...
notifying browser that file changed:  out/test/core.js
[32mSuccessfully compiled "app.js" in 0.168 seconds.[0m
[0mCompiling "app.js" from ["src"]...
notifying browser that file changed:  out/test/core.js
[32mSuccessfully compiled "app.js" in 0.117 seconds.[0m
[0mCompiling "app.js" from ["src"]...
notifying browser that file changed:  out/test/core.js
[32mSuccessfully compiled "app.js" in 0.126 seconds.[0m
[0mCompiling "app.js" from ["src"]...
notifying browser that file changed:  out/test/core.js
[32mSuccessfully compiled "app.js" in 0.15 seconds.[0m
[0mCompiling "app.js" from ["src"]...
notifying browser that file changed:  out/test/core.js
[32mSuccessfully compiled "app.js" in 0.125 seconds.[0m
[0mCompiling "app.js" from ["src"]...
WARNING: Use of undeclared Var test.core/app at line 32 src/app.cljs
notifying browser that file changed:  out/test/core.js
[32mSuccessfully compiled "app.js" in 0.185 seconds.[0m
[0mCompiling "app.js" from ["src"]...
notifying browser that file changed:  out/test/core.js
[32mSuccessfully compiled "app.js" in 0.136 seconds.[0m
[0mCompiling "app.js" from ["src"]...
notifying browser that file changed:  out/test/core.js
[32mSuccessfully compiled "app.js" in 0.131 seconds.[0m
[0mCompiling "app.js" from ["src"]...
notifying browser that file changed:  out/test/core.js
[32mSuccessfully compiled "app.js" in 0.131 seconds.[0m
[0mCompiling "app.js" from ["src"]...
notifying browser that file changed:  out/test/core.js
[32mSuccessfully compiled "app.js" in 0.139 seconds.[0m
[0mCompiling "app.js" from ["src"]...
notifying browser that file changed:  out/test/core.js
[32mSuccessfully compiled "app.js" in 0.136 seconds.[0m
[0mCompiling "app.js" from ["src"]...
notifying browser that file changed:  out/test/core.js
[32mSuccessfully compiled "app.js" in 0.124 seconds.[0m
[0mCompiling "app.js" from ["src"]...
notifying browser that file changed:  out/test/core.js
[32mSuccessfully compiled "app.js" in 0.124 seconds.[0m
[0mCompiling "app.js" from ["src"]...
notifying browser that file changed:  out/test/core.js
[32mSuccessfully compiled "app.js" in 0.148 seconds.[0m
[0mCompiling "app.js" from ["src"]...
notifying browser that file changed:  out/test/core.js
[32mSuccessfully compiled "app.js" in 0.127 seconds.[0m
[0mCompiling "app.js" from ["src"]...
WARNING: Wrong number of args (2) passed to cljs.core/assoc at line 34 src/app.cljs
notifying browser that file changed:  out/test/core.js
[32mSuccessfully compiled "app.js" in 0.148 seconds.[0m
[0mCompiling "app.js" from ["src"]...
WARNING: Wrong number of args (2) passed to cljs.core/assoc at line 34 src/app.cljs
notifying browser that file changed:  out/test/core.js
[32mSuccessfully compiled "app.js" in 0.148 seconds.[0m
[0mCompiling "app.js" from ["src"]...
notifying browser that file changed:  out/test/core.js
[32mSuccessfully compiled "app.js" in 0.166 seconds.[0m
[0mCompiling "app.js" from ["src"]...
notifying browser that file changed:  out/test/core.js
[32mSuccessfully compiled "app.js" in 0.133 seconds.[0m
[0mCompiling "app.js" from ["src"]...
notifying browser that file changed:  out/test/core.js
[32mSuccessfully compiled "app.js" in 0.135 seconds.[0m
[0mCompiling "app.js" from ["src"]...
WARNING: Use of undeclared Var test.core/dat at line 39 src/app.cljs
notifying browser that file changed:  out/test/core.js
[32mSuccessfully compiled "app.js" in 0.16 seconds.[0m
[0mCompiling "app.js" from ["src"]...
notifying browser that file changed:  out/test/core.js
[32mSuccessfully compiled "app.js" in 0.136 seconds.[0m
[0mCompiling "app.js" from ["src"]...
notifying browser that file changed:  out/test/core.js
[32mSuccessfully compiled "app.js" in 0.167 seconds.[0m
[0mCompiling "app.js" from ["src"]...
notifying browser that file changed:  out/test/core.js
[32mSuccessfully compiled "app.js" in 0.17 seconds.[0m
[0mCompiling "app.js" from ["src"]...
notifying browser that file changed:  out/test/core.js
[32mSuccessfully compiled "app.js" in 0.139 seconds.[0m
[0mCompiling "app.js" from ["src"]...
notifying browser that file changed:  out/test/core.js
[32mSuccessfully compiled "app.js" in 0.122 seconds.[0m
[0mCompiling "app.js" from ["src"]...
notifying browser that file changed:  out/test/core.js
[32mSuccessfully compiled "app.js" in 0.13 seconds.[0m
[0mCompiling "app.js" from ["src"]...
notifying browser that file changed:  out/test/core.js
[32mSuccessfully compiled "app.js" in 0.182 seconds.[0m
[0mCompiling "app.js" from ["src"]...
notifying browser that file changed:  out/test/core.js
[32mSuccessfully compiled "app.js" in 0.129 seconds.[0m
[0mCompiling "app.js" from ["src"]...
notifying browser that file changed:  out/test/core.js
[32mSuccessfully compiled "app.js" in 0.152 seconds.[0m
[0mCompiling "app.js" from ["src"]...
notifying browser that file changed:  out/test/core.js
[32mSuccessfully compiled "app.js" in 0.135 seconds.[0m
[0mCompiling "app.js" from ["src"]...
[31mCompiling "app.js" failed.
[0mANALYSIS ERROR: for requires an even number of forms in binding vector at line 32 src/app.cljs on file src/app.cljs, line 32, column 3
[32mSuccessfully compiled "app.js" in 0.093 seconds.[0m
[0mCompiling "app.js" from ["src"]...
WARNING: Wrong number of args (2) passed to cljs.core/assoc at line 32 src/app.cljs
WARNING: Use of undeclared Var test.core/k at line 32 src/app.cljs
WARNING: Wrong number of args (2) passed to cljs.core/assoc at line 32 src/app.cljs
WARNING: Use of undeclared Var test.core/k at line 32 src/app.cljs
notifying browser that file changed:  out/test/core.js
[32mSuccessfully compiled "app.js" in 0.207 seconds.[0m
[0mCompiling "app.js" from ["src"]...
WARNING: Use of undeclared Var test.core/k at line 32 src/app.cljs
WARNING: Use of undeclared Var test.core/k at line 32 src/app.cljs
notifying browser that file changed:  out/test/core.js
[32mSuccessfully compiled "app.js" in 0.176 seconds.[0m
[0mCompiling "app.js" from ["src"]...
notifying browser that file changed:  out/test/core.js
[32mSuccessfully compiled "app.js" in 0.16 seconds.[0m
[0mCompiling "app.js" from ["src"]...
notifying browser that file changed:  out/test/core.js
[32mSuccessfully compiled "app.js" in 0.157 seconds.[0m
[0mCompiling "app.js" from ["src"]...
notifying browser that file changed:  out/test/core.js
[32mSuccessfully compiled "app.js" in 0.18 seconds.[0m
[0mCompiling "app.js" from ["src"]...
notifying browser that file changed:  out/test/core.js
[32mSuccessfully compiled "app.js" in 0.156 seconds.[0m
[0mCompiling "app.js" from ["src"]...
notifying browser that file changed:  out/test/core.js
[32mSuccessfully compiled "app.js" in 0.159 seconds.[0m
[0mCompiling "app.js" from ["src"]...
notifying browser that file changed:  out/test/core.js
[32mSuccessfully compiled "app.js" in 0.146 seconds.[0m
[0mCompiling "app.js" from ["src"]...
notifying browser that file changed:  out/test/core.js
[32mSuccessfully compiled "app.js" in 0.143 seconds.[0m
[0mCompiling "app.js" from ["src"]...
notifying browser that file changed:  out/test/core.js
[32mSuccessfully compiled "app.js" in 0.177 seconds.[0m
[0mCompiling "app.js" from ["src"]...
notifying browser that file changed:  out/test/core.js
[32mSuccessfully compiled "app.js" in 0.151 seconds.[0m
[0mCompiling "app.js" from ["src"]...
notifying browser that file changed:  out/test/core.js
[32mSuccessfully compiled "app.js" in 0.172 seconds.[0m
[0mCompiling "app.js" from ["src"]...
notifying browser that file changed:  out/test/core.js
[32mSuccessfully compiled "app.js" in 0.136 seconds.[0m
[0mCompiling "app.js" from ["src"]...
notifying browser that file changed:  out/test/core.js
[32mSuccessfully compiled "app.js" in 0.155 seconds.[0m
[0mCompiling "app.js" from ["src"]...
notifying browser that file changed:  out/test/core.js
[32mSuccessfully compiled "app.js" in 0.158 seconds.[0m
[0mCompiling "app.js" from ["src"]...
notifying browser that file changed:  out/test/core.js
[32mSuccessfully compiled "app.js" in 0.157 seconds.[0m
[0mCompiling "app.js" from ["src"]...
notifying browser that file changed:  out/test/core.js
[32mSuccessfully compiled "app.js" in 0.151 seconds.[0m
[0mCompiling "app.js" from ["src"]...
notifying browser that file changed:  out/test/core.js
[32mSuccessfully compiled "app.js" in 0.14 seconds.[0m
[0mCompiling "app.js" from ["src"]...
notifying browser that file changed:  out/test/core.js
[32mSuccessfully compiled "app.js" in 0.152 seconds.[0m
[0mCompiling "app.js" from ["src"]...
notifying browser that file changed:  out/test/core.js
[32mSuccessfully compiled "app.js" in 0.145 seconds.[0m
[0mCompiling "app.js" from ["src"]...
notifying browser that file changed:  out/test/core.js
[32mSuccessfully compiled "app.js" in 0.133 seconds.[0m
[0mCompiling "app.js" from ["src"]...
WARNING: Use of undeclared Var test.core/stock-symbol at line 44 src/app.cljs
notifying browser that file changed:  out/test/core.js
[32mSuccessfully compiled "app.js" in 0.194 seconds.[0m
[0mCompiling "app.js" from ["src"]...
notifying browser that file changed:  out/test/core.js
[32mSuccessfully compiled "app.js" in 0.143 seconds.[0m
[0mCompiling "app.js" from ["src"]...
notifying browser that file changed:  out/test/core.js
[32mSuccessfully compiled "app.js" in 0.16 seconds.[0m
[0mCompiling "app.js" from ["src"]...
notifying browser that file changed:  out/test/core.js
[32mSuccessfully compiled "app.js" in 0.135 seconds.[0m
[0mCompiling "app.js" from ["src"]...
notifying browser that file changed:  out/test/core.js
[32mSuccessfully compiled "app.js" in 0.141 seconds.[0m
[0mCompiling "app.js" from ["src"]...
notifying browser that file changed:  out/test/core.js
[32mSuccessfully compiled "app.js" in 0.132 seconds.[0m
[0mCompiling "app.js" from ["src"]...
notifying browser that file changed:  out/test/core.js
[32mSuccessfully compiled "app.js" in 0.168 seconds.[0m
[0mCompiling "app.js" from ["src"]...
WARNING: Use of undeclared Var test.core/Less at line 58 src/app.cljs
WARNING: Use of undeclared Var test.core/than at line 58 src/app.cljs
WARNING: Use of undeclared Var test.core/a at line 58 src/app.cljs
WARNING: Use of undeclared Var test.core/month at line 58 src/app.cljs
notifying browser that file changed:  out/test/core.js
[32mSuccessfully compiled "app.js" in 0.207 seconds.[0m
[0mCompiling "app.js" from ["src"]...
notifying browser that file changed:  out/test/core.js
[32mSuccessfully compiled "app.js" in 0.13 seconds.[0m
[0mCompiling "app.js" from ["src"]...
notifying browser that file changed:  out/test/core.js
[32mSuccessfully compiled "app.js" in 0.16 seconds.[0m
[0mCompiling "app.js" from ["src"]...
notifying browser that file changed:  out/test/core.js
[32mSuccessfully compiled "app.js" in 0.169 seconds.[0m
[0mCompiling "app.js" from ["src"]...
notifying browser that file changed:  out/test/core.js
[32mSuccessfully compiled "app.js" in 0.144 seconds.[0m
[0mCompiling "app.js" from ["src"]...
WARNING: Use of undeclared Var om.dom/radio at line 57 src/app.cljs
notifying browser that file changed:  out/test/core.js
[32mSuccessfully compiled "app.js" in 0.19 seconds.[0m
[0mCompiling "app.js" from ["src"]...
WARNING: Use of undeclared Var om.dom/radio at line 57 src/app.cljs
notifying browser that file changed:  out/test/core.js
[32mSuccessfully compiled "app.js" in 0.178 seconds.[0m
[0mCompiling "app.js" from ["src"]...
notifying browser that file changed:  out/test/core.js
[32mSuccessfully compiled "app.js" in 0.129 seconds.[0m
[0mCompiling "app.js" from ["src"]...
notifying browser that file changed:  out/test/core.js
[32mSuccessfully compiled "app.js" in 0.162 seconds.[0m
[0mCompiling "app.js" from ["src"]...
notifying browser that file changed:  out/test/core.js
[32mSuccessfully compiled "app.js" in 0.139 seconds.[0m
[0mCompiling "app.js" from ["src"]...
notifying browser that file changed:  out/test/core.js
[32mSuccessfully compiled "app.js" in 0.158 seconds.[0m
[0mCompiling "app.js" from ["src"]...
notifying browser that file changed:  out/test/core.js
[32mSuccessfully compiled "app.js" in 0.143 seconds.[0m
[0mCompiling "app.js" from ["src"]...
notifying browser that file changed:  out/test/core.js
[32mSuccessfully compiled "app.js" in 0.137 seconds.[0m
[0mCompiling "app.js" from ["src"]...
notifying browser that file changed:  out/test/core.js
[32mSuccessfully compiled "app.js" in 0.134 seconds.[0m
[0mCompiling "app.js" from ["src"]...
notifying browser that file changed:  out/test/core.js
[32mSuccessfully compiled "app.js" in 0.166 seconds.[0m
[0mCompiling "app.js" from ["src"]...
notifying browser that file changed:  out/test/core.js
[32mSuccessfully compiled "app.js" in 0.163 seconds.[0m
[0mCompiling "app.js" from ["src"]...
notifying browser that file changed:  out/test/core.js
[32mSuccessfully compiled "app.js" in 0.128 seconds.[0m
[0mCompiling "app.js" from ["src"]...
notifying browser that file changed:  out/test/core.js
[32mSuccessfully compiled "app.js" in 0.163 seconds.[0m
[0mCompiling "app.js" from ["src"]...
notifying browser that file changed:  out/test/core.js
[32mSuccessfully compiled "app.js" in 0.149 seconds.[0m
[0mCompiling "app.js" from ["src"]...
notifying browser that file changed:  out/test/core.js
[32mSuccessfully compiled "app.js" in 0.145 seconds.[0m
[0mCompiling "app.js" from ["src"]...
notifying browser that file changed:  out/test/core.js
[32mSuccessfully compiled "app.js" in 0.133 seconds.[0m
[0mCompiling "app.js" from ["src"]...
notifying browser that file changed:  out/test/core.js
[32mSuccessfully compiled "app.js" in 0.169 seconds.[0m
[0mCompiling "app.js" from ["src"]...
notifying browser that file changed:  out/test/core.js
[32mSuccessfully compiled "app.js" in 0.181 seconds.[0m
[0mCompiling "app.js" from ["src"]...
notifying browser that file changed:  out/test/core.js
[32mSuccessfully compiled "app.js" in 0.146 seconds.[0m
[0mCompiling "app.js" from ["src"]...
notifying browser that file changed:  out/test/core.js
[32mSuccessfully compiled "app.js" in 0.154 seconds.[0m
[0mCompiling "app.js" from ["src"]...
notifying browser that file changed:  out/test/core.js
[32mSuccessfully compiled "app.js" in 0.148 seconds.[0m
[0mCompiling "app.js" from ["src"]...
notifying browser that file changed:  out/test/core.js
[32mSuccessfully compiled "app.js" in 0.152 seconds.[0m
[0mCompiling "app.js" from ["src"]...
notifying browser that file changed:  out/test/core.js
[32mSuccessfully compiled "app.js" in 0.159 seconds.[0m
[0mCompiling "app.js" from ["src"]...
notifying browser that file changed:  out/test/core.js
[32mSuccessfully compiled "app.js" in 0.152 seconds.[0m
[0mCompiling "app.js" from ["src"]...
notifying browser that file changed:  out/test/core.js
[32mSuccessfully compiled "app.js" in 0.145 seconds.[0m
[0mCompiling "app.js" from ["src"]...
notifying browser that file changed:  out/test/core.js
[32mSuccessfully compiled "app.js" in 0.145 seconds.[0m
[0mCompiling "app.js" from ["src"]...
notifying browser that file changed:  out/test/core.js
[32mSuccessfully compiled "app.js" in 0.147 seconds.[0m
[0mCompiling "app.js" from ["src"]...
notifying browser that file changed:  out/test/core.js
[32mSuccessfully compiled "app.js" in 0.161 seconds.[0m
[0mCompiling "app.js" from ["src"]...
[31mCompiling "app.js" failed.
[0mERROR: EOF while reading, starting at line 44 and column 1 on file /Users/tk2s8/Documents/Projects/clojure/om/src/app.cljs, line 93, column 1
[32mSuccessfully compiled "app.js" in 0.084 seconds.[0m
[0mCompiling "app.js" from ["src"]...
notifying browser that file changed:  out/test/core.js
[32mSuccessfully compiled "app.js" in 0.143 seconds.[0m
[0mCompiling "app.js" from ["src"]...
notifying browser that file changed:  out/test/core.js
[32mSuccessfully compiled "app.js" in 0.128 seconds.[0m
[0mCompiling "app.js" from ["src"]...
notifying browser that file changed:  out/test/core.js
[32mSuccessfully compiled "app.js" in 0.142 seconds.[0m
[0mCompiling "app.js" from ["src"]...
notifying browser that file changed:  out/test/core.js
[32mSuccessfully compiled "app.js" in 0.192 seconds.[0m
[0mCompiling "app.js" from ["src"]...
notifying browser that file changed:  out/test/core.js
[32mSuccessfully compiled "app.js" in 0.152 seconds.[0m
[0mCompiling "app.js" from ["src"]...
notifying browser that file changed:  out/test/core.js
[32mSuccessfully compiled "app.js" in 0.153 seconds.[0m
[0mCompiling "app.js" from ["src"]...
notifying browser that file changed:  out/test/core.js
[32mSuccessfully compiled "app.js" in 0.155 seconds.[0m
[0mCompiling "app.js" from ["src"]...
[31mCompiling "app.js" failed.
[0mERROR: Unmatched delimiter ) on file /Users/tk2s8/Documents/Projects/clojure/om/src/app.cljs, line 58, column 23
[32mSuccessfully compiled "app.js" in 0.109 seconds.[0m
[0mCompiling "app.js" from ["src"]...
notifying browser that file changed:  out/test/core.js
[32mSuccessfully compiled "app.js" in 0.154 seconds.[0m
[0mCompiling "app.js" from ["src"]...
notifying browser that file changed:  out/test/core.js
[32mSuccessfully compiled "app.js" in 0.141 seconds.[0m
[0mCompiling "app.js" from ["src"]...
notifying browser that file changed:  out/test/core.js
[32mSuccessfully compiled "app.js" in 0.165 seconds.[0m
[0mCompiling "app.js" from ["src"]...
notifying browser that file changed:  out/test/core.js
[32mSuccessfully compiled "app.js" in 0.163 seconds.[0m
[0mCompiling "app.js" from ["src"]...
notifying browser that file changed:  out/test/core.js
[32mSuccessfully compiled "app.js" in 0.167 seconds.[0m
[0mCompiling "app.js" from ["src"]...
notifying browser that file changed:  out/test/core.js
[32mSuccessfully compiled "app.js" in 0.159 seconds.[0m
[0mCompiling "app.js" from ["src"]...
notifying browser that file changed:  out/test/core.js
[32mSuccessfully compiled "app.js" in 0.141 seconds.[0m
[0mCompiling "app.js" from ["src"]...
notifying browser that file changed:  out/test/core.js
[32mSuccessfully compiled "app.js" in 0.179 seconds.[0m
[0mCompiling "app.js" from ["src"]...
notifying browser that file changed:  out/test/core.js
[32mSuccessfully compiled "app.js" in 0.157 seconds.[0m
[0mCompiling "app.js" from ["src"]...
notifying browser that file changed:  out/test/core.js
[32mSuccessfully compiled "app.js" in 0.188 seconds.[0m
[0mCompiling "app.js" from ["src"]...
notifying browser that file changed:  out/test/core.js
[32mSuccessfully compiled "app.js" in 0.158 seconds.[0m
[0mCompiling "app.js" from ["src"]...
notifying browser that file changed:  out/test/core.js
[32mSuccessfully compiled "app.js" in 0.178 seconds.[0m
[0mCompiling "app.js" from ["src"]...
notifying browser that file changed:  out/test/core.js
[32mSuccessfully compiled "app.js" in 0.15 seconds.[0m
[0mCompiling "app.js" from ["src"]...
notifying browser that file changed:  out/test/core.js
[32mSuccessfully compiled "app.js" in 0.163 seconds.[0m
[0mCompiling "app.js" from ["src"]...
notifying browser that file changed:  out/test/core.js
[32mSuccessfully compiled "app.js" in 0.164 seconds.[0m
[0mCompiling "app.js" from ["src"]...
notifying browser that file changed:  out/test/core.js
[32mSuccessfully compiled "app.js" in 0.154 seconds.[0m
[0mCompiling "app.js" from ["src"]...
notifying browser that file changed:  out/test/core.js
[32mSuccessfully compiled "app.js" in 0.146 seconds.[0m
[0mCompiling "app.js" from ["src"]...
notifying browser that file changed:  out/test/core.js
[32mSuccessfully compiled "app.js" in 0.16 seconds.[0m
[0mCompiling "app.js" from ["src"]...
notifying browser that file changed:  out/test/core.js
[32mSuccessfully compiled "app.js" in 0.169 seconds.[0m
[0mCompiling "app.js" from ["src"]...
WARNING: Wrong number of args (1) passed to om.core/build at line 79 src/app.cljs
notifying browser that file changed:  out/test/core.js
[32mSuccessfully compiled "app.js" in 0.188 seconds.[0m
[0mCompiling "app.js" from ["src"]...
notifying browser that file changed:  out/test/core.js
[32mSuccessfully compiled "app.js" in 0.146 seconds.[0m
[0mCompiling "app.js" from ["src"]...
notifying browser that file changed:  out/test/core.js
[32mSuccessfully compiled "app.js" in 0.168 seconds.[0m
[0mCompiling "app.js" from ["src"]...
[31mCompiling "app.js" failed.
[0mERROR: Invalid token: : on file /Users/tk2s8/Documents/Projects/clojure/om/src/app.cljs, line 65, column 43
[32mSuccessfully compiled "app.js" in 0.107 seconds.[0m
[0mCompiling "app.js" from ["src"]...
[31mCompiling "app.js" failed.
[0mERROR: Invalid token: : on file /Users/tk2s8/Documents/Projects/clojure/om/src/app.cljs, line 65, column 43
[32mSuccessfully compiled "app.js" in 0.117 seconds.[0m
[0mCompiling "app.js" from ["src"]...
notifying browser that file changed:  out/test/core.js
[32mSuccessfully compiled "app.js" in 0.181 seconds.[0m
[0mCompiling "app.js" from ["src"]...
notifying browser that file changed:  out/test/core.js
[32mSuccessfully compiled "app.js" in 0.2 seconds.[0m
[0mCompiling "app.js" from ["src"]...
notifying browser that file changed:  out/test/core.js
[32mSuccessfully compiled "app.js" in 0.153 seconds.[0m
[0mCompiling "app.js" from ["src"]...
notifying browser that file changed:  out/test/core.js
[32mSuccessfully compiled "app.js" in 0.178 seconds.[0m
[0mCompiling "app.js" from ["src"]...
notifying browser that file changed:  out/test/core.js
[32mSuccessfully compiled "app.js" in 0.19 seconds.[0m
[0mCompiling "app.js" from ["src"]...
notifying browser that file changed:  out/test/core.js
[32mSuccessfully compiled "app.js" in 0.19 seconds.[0m
[0mCompiling "app.js" from ["src"]...
notifying browser that file changed:  out/test/core.js
[32mSuccessfully compiled "app.js" in 0.165 seconds.[0m
[0mCompiling "app.js" from ["src"]...
notifying browser that file changed:  out/test/core.js
[32mSuccessfully compiled "app.js" in 0.156 seconds.[0m
[0mCompiling "app.js" from ["src"]...
notifying browser that file changed:  out/test/core.js
[32mSuccessfully compiled "app.js" in 0.15 seconds.[0m
[0mCompiling "app.js" from ["src"]...
WARNING: Use of undeclared Var test.core/select-a-duration at line 89 src/app.cljs
WARNING: Use of undeclared Var test.core/select-a-duration at line 92 src/app.cljs
WARNING: Use of undeclared Var test.core/select-a-duration at line 95 src/app.cljs
WARNING: Use of undeclared Var test.core/select-a-duration at line 98 src/app.cljs
notifying browser that file changed:  out/test/core.js
[32mSuccessfully compiled "app.js" in 0.221 seconds.[0m
[0mCompiling "app.js" from ["src"]...
notifying browser that file changed:  out/test/core.js
[32mSuccessfully compiled "app.js" in 0.145 seconds.[0m
[0mCompiling "app.js" from ["src"]...
notifying browser that file changed:  out/test/core.js
[32mSuccessfully compiled "app.js" in 0.19 seconds.[0m
[0mCompiling "app.js" from ["src"]...
notifying browser that file changed:  out/test/core.js
[32mSuccessfully compiled "app.js" in 0.207 seconds.[0m
[0mCompiling "app.js" from ["src"]...
notifying browser that file changed:  out/test/core.js
[32mSuccessfully compiled "app.js" in 0.181 seconds.[0m
[0mCompiling "app.js" from ["src"]...
notifying browser that file changed:  out/test/core.js
[32mSuccessfully compiled "app.js" in 0.136 seconds.[0m
[0mCompiling "app.js" from ["src"]...
notifying browser that file changed:  out/test/core.js
[32mSuccessfully compiled "app.js" in 0.146 seconds.[0m
[0mCompiling "app.js" from ["src"]...
notifying browser that file changed:  out/test/core.js
[32mSuccessfully compiled "app.js" in 0.151 seconds.[0m
[0mCompiling "app.js" from ["src"]...
notifying browser that file changed:  out/test/core.js
[32mSuccessfully compiled "app.js" in 0.139 seconds.[0m
[0mCompiling "app.js" from ["src"]...
notifying browser that file changed:  out/test/core.js
[32mSuccessfully compiled "app.js" in 0.167 seconds.[0m
[0mCompiling "app.js" from ["src"]...
notifying browser that file changed:  out/test/core.js
[32mSuccessfully compiled "app.js" in 0.152 seconds.[0m
[0mCompiling "app.js" from ["src"]...
notifying browser that file changed:  out/test/core.js
[32mSuccessfully compiled "app.js" in 0.149 seconds.[0m
[0mCompiling "app.js" from ["src"]...
notifying browser that file changed:  out/test/core.js
[32mSuccessfully compiled "app.js" in 0.149 seconds.[0m
[0mCompiling "app.js" from ["src"]...
notifying browser that file changed:  out/test/core.js
[32mSuccessfully compiled "app.js" in 0.16 seconds.[0m
[0mCompiling "app.js" from ["src"]...
notifying browser that file changed:  out/test/core.js
[32mSuccessfully compiled "app.js" in 0.173 seconds.[0m
[0mCompiling "app.js" from ["src"]...
notifying browser that file changed:  out/test/core.js
[32mSuccessfully compiled "app.js" in 0.193 seconds.[0m
[0mCompiling "app.js" from ["src"]...
notifying browser that file changed:  out/test/core.js
[32mSuccessfully compiled "app.js" in 0.158 seconds.[0m
[0mCompiling "app.js" from ["src"]...
notifying browser that file changed:  out/test/core.js
[32mSuccessfully compiled "app.js" in 0.186 seconds.[0m
[0mCompiling "app.js" from ["src"]...
[31mCompiling "app.js" failed.
[0mERROR: EOF while reading, starting at line 73 and column 1 on file /Users/tk2s8/Documents/Projects/clojure/om/src/app.cljs, line 125, column 1
[32mSuccessfully compiled "app.js" in 0.13 seconds.[0m
[0mCompiling "app.js" from ["src"]...
WARNING: Use of undeclared Var test.core/app at line 74 src/app.cljs
notifying browser that file changed:  out/test/core.js
[32mSuccessfully compiled "app.js" in 0.184 seconds.[0m
[0mCompiling "app.js" from ["src"]...
notifying browser that file changed:  out/test/core.js
[32mSuccessfully compiled "app.js" in 0.148 seconds.[0m
[0mCompiling "app.js" from ["src"]...
notifying browser that file changed:  out/test/core.js
[32mSuccessfully compiled "app.js" in 0.158 seconds.[0m
[0mCompiling "app.js" from ["src"]...
notifying browser that file changed:  out/test/core.js
[32mSuccessfully compiled "app.js" in 0.172 seconds.[0m
[0mCompiling "app.js" from ["src"]...
notifying browser that file changed:  out/test/core.js
[32mSuccessfully compiled "app.js" in 0.156 seconds.[0m
[0mCompiling "app.js" from ["src"]...
notifying browser that file changed:  out/test/core.js
[32mSuccessfully compiled "app.js" in 0.162 seconds.[0m
[0mCompiling "app.js" from ["src"]...
notifying browser that file changed:  out/test/core.js
[32mSuccessfully compiled "app.js" in 0.163 seconds.[0m
[0mCompiling "app.js" from ["src"]...
notifying browser that file changed:  out/test/core.js
[32mSuccessfully compiled "app.js" in 0.159 seconds.[0m
[0mCompiling "app.js" from ["src"]...
notifying browser that file changed:  out/test/core.js
[32mSuccessfully compiled "app.js" in 0.152 seconds.[0m
[0mCompiling "app.js" from ["src"]...
notifying browser that file changed:  out/test/core.js
[32mSuccessfully compiled "app.js" in 0.198 seconds.[0m
[0mCompiling "app.js" from ["src"]...
notifying browser that file changed:  out/test/core.js
[32mSuccessfully compiled "app.js" in 0.165 seconds.[0m
[0mCompiling "app.js" from ["src"]...
notifying browser that file changed:  out/test/core.js
[32mSuccessfully compiled "app.js" in 0.178 seconds.[0m
[0mCompiling "app.js" from ["src"]...
notifying browser that file changed:  out/test/core.js
[32mSuccessfully compiled "app.js" in 0.199 seconds.[0m
[0mCompiling "app.js" from ["src"]...
notifying browser that file changed:  out/test/core.js
[32mSuccessfully compiled "app.js" in 0.207 seconds.[0m
[0mCompiling "app.js" from ["src"]...
notifying browser that file changed:  out/test/core.js
[32mSuccessfully compiled "app.js" in 0.173 seconds.[0m
[0mCompiling "app.js" from ["src"]...
notifying browser that file changed:  out/test/core.js
[32mSuccessfully compiled "app.js" in 0.159 seconds.[0m
[0mCompiling "app.js" from ["src"]...
notifying browser that file changed:  out/test/core.js
[32mSuccessfully compiled "app.js" in 0.152 seconds.[0m
[0mCompiling "app.js" from ["src"]...
notifying browser that file changed:  out/test/core.js
[32mSuccessfully compiled "app.js" in 0.145 seconds.[0m
[0mCompiling "app.js" from ["src"]...
notifying browser that file changed:  out/test/core.js
[32mSuccessfully compiled "app.js" in 0.146 seconds.[0m
[0mCompiling "app.js" from ["src"]...
[31mCompiling "app.js" failed.
[0mERROR: EOF while reading, starting at line 47 and column 1 on file /Users/tk2s8/Documents/Projects/clojure/om/src/app.cljs, line 130, column 1
[32mSuccessfully compiled "app.js" in 0.065 seconds.[0m
[0mCompiling "app.js" from ["src"]...
[31mCompiling "app.js" failed.
[0mERROR: Invalid token: // on file /Users/tk2s8/Documents/Projects/clojure/om/src/app.cljs, line 85, column 23
[32mSuccessfully compiled "app.js" in 0.089 seconds.[0m
[0mCompiling "app.js" from ["src"]...
[31mCompiling "app.js" failed.
[0mERROR: EOF while reading, starting at line 47 and column 1 on file /Users/tk2s8/Documents/Projects/clojure/om/src/app.cljs, line 130, column 1
[32mSuccessfully compiled "app.js" in 0.068 seconds.[0m
[0mCompiling "app.js" from ["src"]...
notifying browser that file changed:  out/test/core.js
[32mSuccessfully compiled "app.js" in 0.16 seconds.[0m
[0mCompiling "app.js" from ["src"]...
[31mCompiling "app.js" failed.
[0mERROR: Invalid token: // on file /Users/tk2s8/Documents/Projects/clojure/om/src/app.cljs, line 84, column 23
[32mSuccessfully compiled "app.js" in 0.09 seconds.[0m
[0mCompiling "app.js" from ["src"]...
notifying browser that file changed:  out/test/core.js
[32mSuccessfully compiled "app.js" in 0.134 seconds.[0m
[0mCompiling "app.js" from ["src"]...
notifying browser that file changed:  out/test/core.js
[32mSuccessfully compiled "app.js" in 0.138 seconds.[0m
[0mCompiling "app.js" from ["src"]...
notifying browser that file changed:  out/test/core.js
[32mSuccessfully compiled "app.js" in 0.218 seconds.[0m
[0mCompiling "app.js" from ["src"]...
notifying browser that file changed:  out/test/core.js
[32mSuccessfully compiled "app.js" in 0.162 seconds.[0m
[0mCompiling "app.js" from ["src"]...
notifying browser that file changed:  out/test/core.js
[32mSuccessfully compiled "app.js" in 0.2 seconds.[0m
[0mCompiling "app.js" from ["src"]...
notifying browser that file changed:  out/test/core.js
[32mSuccessfully compiled "app.js" in 0.207 seconds.[0m
[0mCompiling "app.js" from ["src"]...
notifying browser that file changed:  out/test/core.js
[32mSuccessfully compiled "app.js" in 0.142 seconds.[0m
[0mCompiling "app.js" from ["src"]...
notifying browser that file changed:  out/test/core.js
[32mSuccessfully compiled "app.js" in 0.144 seconds.[0m
[0mCompiling "app.js" from ["src"]...
notifying browser that file changed:  out/test/core.js
[32mSuccessfully compiled "app.js" in 0.144 seconds.[0m
[0mCompiling "app.js" from ["src"]...
notifying browser that file changed:  out/test/core.js
[32mSuccessfully compiled "app.js" in 0.188 seconds.[0m
[0mCompiling "app.js" from ["src"]...
notifying browser that file changed:  out/test/core.js
[32mSuccessfully compiled "app.js" in 0.15 seconds.[0m
[0mCompiling "app.js" from ["src"]...
WARNING: Use of undeclared Var test.core/stock at line 51 src/app.cljs
WARNING: Use of undeclared Var test.core/stock at line 52 src/app.cljs
notifying browser that file changed:  out/test/core.js
[32mSuccessfully compiled "app.js" in 0.203 seconds.[0m
[0mCompiling "app.js" from ["src"]...
notifying browser that file changed:  out/test/core.js
[32mSuccessfully compiled "app.js" in 0.148 seconds.[0m
[0mCompiling "app.js" from ["src"]...
notifying browser that file changed:  out/test/core.js
[32mSuccessfully compiled "app.js" in 0.159 seconds.[0m
[0mCompiling "app.js" from ["src"]...
notifying browser that file changed:  out/test/core.js
[32mSuccessfully compiled "app.js" in 0.172 seconds.[0m
[0mCompiling "app.js" from ["src"]...
notifying browser that file changed:  out/test/core.js
[32mSuccessfully compiled "app.js" in 0.153 seconds.[0m
[0mCompiling "app.js" from ["src"]...
[31mCompiling "app.js" failed.
[0mERROR: EOF while reading, starting at line 47 and column 1 on file /Users/tk2s8/Documents/Projects/clojure/om/src/app.cljs, line 133, column 1
[32mSuccessfully compiled "app.js" in 0.083 seconds.[0m
[0mCompiling "app.js" from ["src"]...
notifying browser that file changed:  out/test/core.js
[32mSuccessfully compiled "app.js" in 0.155 seconds.[0m
[0mCompiling "app.js" from ["src"]...
notifying browser that file changed:  out/test/core.js
[32mSuccessfully compiled "app.js" in 0.174 seconds.[0m
[0mCompiling "app.js" from ["src"]...
notifying browser that file changed:  out/test/core.js
[32mSuccessfully compiled "app.js" in 0.14 seconds.[0m
[0mCompiling "app.js" from ["src"]...
notifying browser that file changed:  out/test/core.js
[32mSuccessfully compiled "app.js" in 0.224 seconds.[0m
[0mCompiling "app.js" from ["src"]...
notifying browser that file changed:  out/test/core.js
[32mSuccessfully compiled "app.js" in 0.166 seconds.[0m
[0mCompiling "app.js" from ["src"]...
notifying browser that file changed:  out/test/core.js
[32mSuccessfully compiled "app.js" in 0.167 seconds.[0m
[0mCompiling "app.js" from ["src"]...
notifying browser that file changed:  out/test/core.js
[32mSuccessfully compiled "app.js" in 0.186 seconds.[0m
[0mCompiling "app.js" from ["src"]...
notifying browser that file changed:  out/test/core.js
[32mSuccessfully compiled "app.js" in 0.177 seconds.[0m
[0mCompiling "app.js" from ["src"]...
notifying browser that file changed:  out/test/core.js
[32mSuccessfully compiled "app.js" in 0.197 seconds.[0m
[0mCompiling "app.js" from ["src"]...
notifying browser that file changed:  out/test/core.js
[32mSuccessfully compiled "app.js" in 0.146 seconds.[0m
[0mCompiling "app.js" from ["src"]...
notifying browser that file changed:  out/test/core.js
[32mSuccessfully compiled "app.js" in 0.163 seconds.[0m
[0mCompiling "app.js" from ["src"]...
notifying browser that file changed:  out/test/core.js
[32mSuccessfully compiled "app.js" in 0.171 seconds.[0m
[0mCompiling "app.js" from ["src"]...
notifying browser that file changed:  out/test/core.js
[32mSuccessfully compiled "app.js" in 0.157 seconds.[0m
[0mCompiling "app.js" from ["src"]...
WARNING: Use of undeclared Var test.core/capital-gain at line 88 src/app.cljs
WARNING: Use of undeclared Var test.core/return-date at line 88 src/app.cljs
WARNING: Use of undeclared Var test.core/interest-rate at line 88 src/app.cljs
notifying browser that file changed:  out/test/core.js
[32mSuccessfully compiled "app.js" in 0.202 seconds.[0m
[0mCompiling "app.js" from ["src"]...
notifying browser that file changed:  out/test/core.js
[32mSuccessfully compiled "app.js" in 0.162 seconds.[0m
[0mCompiling "app.js" from ["src"]...
notifying browser that file changed:  out/test/core.js
[32mSuccessfully compiled "app.js" in 0.17 seconds.[0m
[0mCompiling "app.js" from ["src"]...
notifying browser that file changed:  out/test/core.js
[32mSuccessfully compiled "app.js" in 0.159 seconds.[0m
[0mCompiling "app.js" from ["src"]...
WARNING: Use of undeclared Var test.core/lendingDays at line 79 src/app.cljs
WARNING: Use of undeclared Var test.core/order at line 80 src/app.cljs
notifying browser that file changed:  out/test/core.js
[32mSuccessfully compiled "app.js" in 0.203 seconds.[0m
[0mCompiling "app.js" from ["src"]...
notifying browser that file changed:  out/test/core.js
[32mSuccessfully compiled "app.js" in 0.161 seconds.[0m
[0mCompiling "app.js" from ["src"]...
WARNING: get-interest-rate at line 76 is being replaced at line 89 src/app.cljs
notifying browser that file changed:  out/test/core.js
[32mSuccessfully compiled "app.js" in 0.186 seconds.[0m
[0mCompiling "app.js" from ["src"]...
notifying browser that file changed:  out/test/core.js
[32mSuccessfully compiled "app.js" in 0.164 seconds.[0m
[0mCompiling "app.js" from ["src"]...
notifying browser that file changed:  out/test/core.js
[32mSuccessfully compiled "app.js" in 0.16 seconds.[0m
[0mCompiling "app.js" from ["src"]...
notifying browser that file changed:  out/test/core.js
[32mSuccessfully compiled "app.js" in 0.172 seconds.[0m
[0mCompiling "app.js" from ["src"]...
notifying browser that file changed:  out/test/core.js
[32mSuccessfully compiled "app.js" in 0.158 seconds.[0m
[0mCompiling "app.js" from ["src"]...
notifying browser that file changed:  out/test/core.js
[32mSuccessfully compiled "app.js" in 0.159 seconds.[0m
[0mCompiling "app.js" from ["src"]...
notifying browser that file changed:  out/test/core.js
[32mSuccessfully compiled "app.js" in 0.158 seconds.[0m
[0mCompiling "app.js" from ["src"]...
notifying browser that file changed:  out/test/core.js
[32mSuccessfully compiled "app.js" in 0.165 seconds.[0m
[0mCompiling "app.js" from ["src"]...
[31mCompiling "app.js" failed.
[0mERROR: Map literal must contain an even number of forms on file /Users/tk2s8/Documents/Projects/clojure/om/src/app.cljs, line 100, column 34
[32mSuccessfully compiled "app.js" in 0.109 seconds.[0m
[0mCompiling "app.js" from ["src"]...
notifying browser that file changed:  out/test/core.js
[32mSuccessfully compiled "app.js" in 0.169 seconds.[0m
[0mCompiling "app.js" from ["src"]...
notifying browser that file changed:  out/test/core.js
[32mSuccessfully compiled "app.js" in 0.204 seconds.[0m
[0mCompiling "app.js" from ["src"]...
notifying browser that file changed:  out/test/core.js
[32mSuccessfully compiled "app.js" in 0.195 seconds.[0m
[0mCompiling "app.js" from ["src"]...
notifying browser that file changed:  out/test/core.js
[32mSuccessfully compiled "app.js" in 0.153 seconds.[0m
[0mCompiling "app.js" from ["src"]...
notifying browser that file changed:  out/test/core.js
[32mSuccessfully compiled "app.js" in 0.163 seconds.[0m
[0mCompiling "app.js" from ["src"]...
notifying browser that file changed:  out/test/core.js
[32mSuccessfully compiled "app.js" in 0.181 seconds.[0m
[0mCompiling "app.js" from ["src"]...
notifying browser that file changed:  out/test/core.js
[32mSuccessfully compiled "app.js" in 0.169 seconds.[0m
[0mCompiling "app.js" from ["src"]...
notifying browser that file changed:  out/test/core.js
[32mSuccessfully compiled "app.js" in 0.166 seconds.[0m
[0mCompiling "app.js" from ["src"]...
notifying browser that file changed:  out/test/core.js
[32mSuccessfully compiled "app.js" in 0.163 seconds.[0m
[0mCompiling "app.js" from ["src"]...
notifying browser that file changed:  out/test/core.js
[32mSuccessfully compiled "app.js" in 0.168 seconds.[0m
[0mCompiling "app.js" from ["src"]...
notifying browser that file changed:  out/test/core.js
[32mSuccessfully compiled "app.js" in 0.177 seconds.[0m
[0mCompiling "app.js" from ["src"]...
notifying browser that file changed:  out/test/core.js
[32mSuccessfully compiled "app.js" in 0.155 seconds.[0m
[0mCompiling "app.js" from ["src"]...
notifying browser that file changed:  out/test/core.js
[32mSuccessfully compiled "app.js" in 0.168 seconds.[0m
[0mCompiling "app.js" from ["src"]...
notifying browser that file changed:  out/test/core.js
[32mSuccessfully compiled "app.js" in 0.153 seconds.[0m
[0mCompiling "app.js" from ["src"]...
notifying browser that file changed:  out/test/core.js
[32mSuccessfully compiled "app.js" in 0.193 seconds.[0m
[0mCompiling "app.js" from ["src"]...
notifying browser that file changed:  out/test/core.js
[32mSuccessfully compiled "app.js" in 0.155 seconds.[0m
[0mCompiling "app.js" from ["src"]...
notifying browser that file changed:  out/test/core.js
[32mSuccessfully compiled "app.js" in 0.159 seconds.[0m
[0mCompiling "app.js" from ["src"]...
notifying browser that file changed:  out/test/core.js
[32mSuccessfully compiled "app.js" in 0.157 seconds.[0m
[0mCompiling "app.js" from ["src"]...
notifying browser that file changed:  out/test/core.js
[32mSuccessfully compiled "app.js" in 0.157 seconds.[0m
[0mCompiling "app.js" from ["src"]...
notifying browser that file changed:  out/test/core.js
[32mSuccessfully compiled "app.js" in 0.152 seconds.[0m
[0mCompiling "app.js" from ["src"]...
notifying browser that file changed:  out/test/core.js
[32mSuccessfully compiled "app.js" in 0.163 seconds.[0m
[0mCompiling "app.js" from ["src"]...
notifying browser that file changed:  out/test/core.js
[32mSuccessfully compiled "app.js" in 0.146 seconds.[0m
[0mCompiling "app.js" from ["src"]...
notifying browser that file changed:  out/test/core.js
[32mSuccessfully compiled "app.js" in 0.164 seconds.[0m
[0mCompiling "app.js" from ["src"]...
notifying browser that file changed:  out/test/core.js
[32mSuccessfully compiled "app.js" in 0.193 seconds.[0m
[0mCompiling "app.js" from ["src"]...
notifying browser that file changed:  out/test/core.js
[32mSuccessfully compiled "app.js" in 0.206 seconds.[0m
[0mCompiling "app.js" from ["src"]...
notifying browser that file changed:  out/test/core.js
[32mSuccessfully compiled "app.js" in 0.161 seconds.[0m
[0mCompiling "app.js" from ["src"]...
notifying browser that file changed:  out/test/core.js
[32mSuccessfully compiled "app.js" in 0.161 seconds.[0m
[0mCompiling "app.js" from ["src"]...
notifying browser that file changed:  out/test/core.js
[32mSuccessfully compiled "app.js" in 0.189 seconds.[0m
[0mCompiling "app.js" from ["src"]...
notifying browser that file changed:  out/test/core.js
[32mSuccessfully compiled "app.js" in 0.169 seconds.[0m
[0mCompiling "app.js" from ["src"]...
notifying browser that file changed:  out/test/core.js
[32mSuccessfully compiled "app.js" in 0.164 seconds.[0m
[0mCompiling "app.js" from ["src"]...
notifying browser that file changed:  out/test/core.js
[32mSuccessfully compiled "app.js" in 0.171 seconds.[0m
[0mCompiling "app.js" from ["src"]...
notifying browser that file changed:  out/test/core.js
[32mSuccessfully compiled "app.js" in 0.164 seconds.[0m
[0mCompiling "app.js" from ["src"]...
notifying browser that file changed:  out/test/core.js
[32mSuccessfully compiled "app.js" in 0.167 seconds.[0m
[0mCompiling "app.js" from ["src"]...
notifying browser that file changed:  out/test/core.js
[32mSuccessfully compiled "app.js" in 0.183 seconds.[0m
[0mCompiling "app.js" from ["src"]...
notifying browser that file changed:  out/test/core.js
[32mSuccessfully compiled "app.js" in 0.148 seconds.[0m
[0mCompiling "app.js" from ["src"]...
notifying browser that file changed:  out/test/core.js
[32mSuccessfully compiled "app.js" in 0.2 seconds.[0m
